<?xml version="1.0" encoding="UTF-8"?>
<!-- Generated by org.testng.reporters.JUnitReportReporter -->
<testsuite hostname="LAPTOP-7CB0C4IJ" failures="0" tests="1" name="com.MiniTest" time="6.875" errors="0" timestamp="2025-05-23T00:47:57 GMT-10:00" skipped="0">
  <testcase classname="com.MiniTest" name="simpleTest" time="6.875"/>
</testsuite> <!-- com.MiniTest -->
