<?xml version="1.0" encoding="UTF-8"?>
<!-- Generated by org.testng.reporters.JUnitReportReporter -->
<testsuite hostname="LAPTOP-7CB0C4IJ" failures="0" tests="1" name="com.example.AppTest" time="0.013" errors="0" timestamp="2025-05-23T00:47:58 GMT-10:00" skipped="0">
  <testcase classname="com.example.AppTest" name="shouldAnswerWithTrue" time="0.013"/>
</testsuite> <!-- com.example.AppTest -->
